1645353842087	geckodriver	INFO	Listening on 127.0.0.1:58281
1645353842089	mozrunner::runner	INFO	Running command: "/usr/bin/firefox" "--marionette" "--remote-debugging-port" "38853" "-no-remote" "-profile" "/tmp/rust_mozprofileUbeNRf"
1645353842352	Marionette	INFO	Marionette enabled
console.warn: SearchSettings: "get: No settings file exists, new profile?" (new NotFoundError("Could not open the file at /tmp/rust_mozprofileUbeNRf/search.json.mozlz4", (void 0)))
DevTools listening on ws://localhost:38853/devtools/browser/85241745-e4bd-4cd0-8cd2-fceadc4c7c4d
1645353843077	Marionette	INFO	Listening on port 40901
1645353843099	RemoteAgent	WARN	TLS certificate errors will be ignored for this session
JavaScript warning: https://mc.yandex.ru/metrika/watch_serp.js, line 12: WEBGL_debug_renderer_info is deprecated in Firefox and will be removed. Please use RENDERER.
mesa: for the --simplifycfg-sink-common option: may only occur zero or one times!
mesa: for the --global-isel-abort option: may only occur zero or one times!
mesa: for the --amdgpu-atomic-optimizations option: may only occur zero or one times!
JavaScript warning: https://mc.yandex.ru/metrika/watch.js, line 12: WEBGL_debug_renderer_info is deprecated in Firefox and will be removed. Please use RENDERER.
1645353859909	Marionette	INFO	Stopped listening on port 40901
console.warn: TopSitesFeed: Failed to fetch data from Contile server: NetworkError when attempting to fetch resource.

###!!! [Parent][PImageBridgeParent] Error: RunMessage(msgname=PImageBridge::Msg_WillClose) Channel closing: too late to send/recv, messages will be lost

1645353921424	geckodriver	INFO	Listening on 127.0.0.1:44309
1645353921427	mozrunner::runner	INFO	Running command: "/usr/bin/firefox" "--marionette" "--remote-debugging-port" "37625" "-no-remote" "-profile" "/tmp/rust_mozprofileaTsIyQ"
1645353921691	Marionette	INFO	Marionette enabled
console.warn: SearchSettings: "get: No settings file exists, new profile?" (new NotFoundError("Could not open the file at /tmp/rust_mozprofileaTsIyQ/search.json.mozlz4", (void 0)))
DevTools listening on ws://localhost:37625/devtools/browser/dcb83aa2-d296-44e1-8696-ecff5b332ee3
1645353922410	Marionette	INFO	Listening on port 36531
1645353922437	RemoteAgent	WARN	TLS certificate errors will be ignored for this session
JavaScript warning: https://mc.yandex.ru/metrika/watch_serp.js, line 12: WEBGL_debug_renderer_info is deprecated in Firefox and will be removed. Please use RENDERER.
JavaScript warning: https://mc.yandex.ru/metrika/watch.js, line 12: WEBGL_debug_renderer_info is deprecated in Firefox and will be removed. Please use RENDERER.
1645353930516	Marionette	INFO	Stopped listening on port 36531
console.warn: TopSitesFeed: Failed to fetch data from Contile server: NetworkError when attempting to fetch resource.

###!!! [Parent][PImageBridgeParent] Error: RunMessage(msgname=PImageBridge::Msg_WillClose) Channel closing: too late to send/recv, messages will be lost

1645354219339	geckodriver	INFO	Listening on 127.0.0.1:57743
1645354219341	mozrunner::runner	INFO	Running command: "/usr/bin/firefox" "--marionette" "--remote-debugging-port" "41155" "-no-remote" "-profile" "/tmp/rust_mozprofilezTloLn"
1645354219613	Marionette	INFO	Marionette enabled
console.warn: SearchSettings: "get: No settings file exists, new profile?" (new NotFoundError("Could not open the file at /tmp/rust_mozprofilezTloLn/search.json.mozlz4", (void 0)))
DevTools listening on ws://localhost:41155/devtools/browser/8571f8fc-a064-470f-bfac-8472ba67ce81
1645354220354	Marionette	INFO	Listening on port 40579
1645354220451	RemoteAgent	WARN	TLS certificate errors will be ignored for this session
JavaScript warning: https://mc.yandex.ru/metrika/watch_serp.js, line 12: WEBGL_debug_renderer_info is deprecated in Firefox and will be removed. Please use RENDERER.
mesa: for the --simplifycfg-sink-common option: may only occur zero or one times!
mesa: for the --global-isel-abort option: may only occur zero or one times!
mesa: for the --amdgpu-atomic-optimizations option: may only occur zero or one times!
JavaScript warning: https://mc.yandex.ru/metrika/watch.js, line 12: WEBGL_debug_renderer_info is deprecated in Firefox and will be removed. Please use RENDERER.
1645354549539	geckodriver	INFO	Listening on 127.0.0.1:37851
1645354549541	mozrunner::runner	INFO	Running command: "/usr/bin/firefox" "--marionette" "--remote-debugging-port" "33117" "-no-remote" "-profile" "/tmp/rust_mozprofileTKaJ9i"
1645354549809	Marionette	INFO	Marionette enabled
console.warn: SearchSettings: "get: No settings file exists, new profile?" (new NotFoundError("Could not open the file at /tmp/rust_mozprofileTKaJ9i/search.json.mozlz4", (void 0)))
DevTools listening on ws://localhost:33117/devtools/browser/a79b2371-2683-4779-a261-b8273dead2bf
1645354550532	Marionette	INFO	Listening on port 37217
1645354550552	RemoteAgent	WARN	TLS certificate errors will be ignored for this session
JavaScript warning: https://mc.yandex.ru/metrika/watch_serp.js, line 12: WEBGL_debug_renderer_info is deprecated in Firefox and will be removed. Please use RENDERER.
mesa: for the --simplifycfg-sink-common option: may only occur zero or one times!
mesa: for the --global-isel-abort option: may only occur zero or one times!
mesa: for the --amdgpu-atomic-optimizations option: may only occur zero or one times!
JavaScript warning: https://mc.yandex.ru/metrika/watch.js, line 12: WEBGL_debug_renderer_info is deprecated in Firefox and will be removed. Please use RENDERER.
1645354659281	geckodriver	INFO	Listening on 127.0.0.1:39771
1645354659283	mozrunner::runner	INFO	Running command: "/usr/bin/firefox" "--marionette" "--remote-debugging-port" "41319" "-no-remote" "-profile" "/tmp/rust_mozprofileIg5xMG"
1645354659543	Marionette	INFO	Marionette enabled
console.warn: SearchSettings: "get: No settings file exists, new profile?" (new NotFoundError("Could not open the file at /tmp/rust_mozprofileIg5xMG/search.json.mozlz4", (void 0)))
DevTools listening on ws://localhost:41319/devtools/browser/cc64134f-9c3c-463d-ae1f-68dff9399ae2
1645354660267	Marionette	INFO	Listening on port 41481
1645354660293	RemoteAgent	WARN	TLS certificate errors will be ignored for this session
JavaScript warning: https://mc.yandex.ru/metrika/watch_serp.js, line 12: WEBGL_debug_renderer_info is deprecated in Firefox and will be removed. Please use RENDERER.
1645354662098	Marionette	INFO	Stopped listening on port 41481
JavaScript error: resource:///modules/FaviconLoader.jsm, line 596: InvalidStateError: JSWindowActorChild.sendAsyncMessage: JSWindowActorChild cannot send at the moment
JavaScript error: resource:///modules/FaviconLoader.jsm, line 596: InvalidStateError: JSWindowActorChild.sendAsyncMessage: JSWindowActorChild cannot send at the moment
console.warn: TopSitesFeed: Failed to fetch data from Contile server: NetworkError when attempting to fetch resource.
JavaScript error: chrome://remote/content/marionette/cert.js, line 55: NS_ERROR_NOT_AVAILABLE: Component returned failure code: 0x80040111 (NS_ERROR_NOT_AVAILABLE) [nsICertOverrideService.setDisableAllSecurityChecksAndLetAttackersInterceptMyData]
JavaScript error: resource://gre/modules/BackgroundPageThumbs.jsm, line 732: TypeError: captureCallback is not a function

###!!! [Child][PContentChild] Error: Send(msgname=PHttpChannel::Msg_DeletingChannel) Channel closing: too late to send/recv, messages will be lost


###!!! [Parent][PContentParent] Error: Send(msgname=PContent::Msg_DestroyBrowsingContextGroup) Closed channel: cannot send/recv


###!!! [Child][PContentChild] Error: RunMessage(msgname=PContent::Reply_DiscardBrowsingContext) Channel closing: too late to send/recv, messages will be lost


###!!! [Child][PContentChild] Error: Send(msgname=PContent::Msg_ScriptError) Channel closing: too late to send/recv, messages will be lost


###!!! [Child][PContentChild] Error: Send(msgname=PNecko::Msg_PredLearn) Channel closing: too late to send/recv, messages will be lost


###!!! [Child][PContentChild] Error: Send(msgname=PContent::Msg_ScriptError) Channel closing: too late to send/recv, messages will be lost


###!!! [Child][PContentChild] Error: Send(msgname=PNecko::Msg_PredLearn) Channel closing: too late to send/recv, messages will be lost


###!!! [Child][PContentChild] Error: Send(msgname=PContent::Msg_ScriptError) Channel closing: too late to send/recv, messages will be lost


###!!! [Child][PContentChild] Error: Send(msgname=PContent::Msg_ScriptError) Channel closing: too late to send/recv, messages will be lost


###!!! [Child][PContentChild] Error: RunMessage(msgname=PHttpChannel::Msg_DeleteSelf) Channel closing: too late to send/recv, messages will be lost


###!!! [Child][PContentChild] Error: Send(msgname=PContent::Msg_ScriptError) Channel closing: too late to send/recv, messages will be lost

1645355022118	Marionette	INFO	Stopped listening on port 40579
console.warn: TopSitesFeed: Failed to fetch data from Contile server: NetworkError when attempting to fetch resource.

###!!! [Parent][PImageBridgeParent] Error: RunMessage(msgname=PImageBridge::Msg_WillClose) Channel closing: too late to send/recv, messages will be lost

1645355023115	Marionette	INFO	Stopped listening on port 37217
console.warn: TopSitesFeed: Failed to fetch data from Contile server: NetworkError when attempting to fetch resource.

###!!! [Parent][PImageBridgeParent] Error: RunMessage(msgname=PImageBridge::Msg_WillClose) Channel closing: too late to send/recv, messages will be lost

1645355272444	geckodriver	INFO	Listening on 127.0.0.1:36497
1645355272446	mozrunner::runner	INFO	Running command: "/usr/bin/firefox" "--marionette" "--remote-debugging-port" "58707" "-no-remote" "-profile" "/tmp/rust_mozprofileYYnYkM"
1645355272711	Marionette	INFO	Marionette enabled
console.warn: SearchSettings: "get: No settings file exists, new profile?" (new NotFoundError("Could not open the file at /tmp/rust_mozprofileYYnYkM/search.json.mozlz4", (void 0)))
DevTools listening on ws://localhost:58707/devtools/browser/a030270a-fc2f-478e-bbd1-700d04759575
1645355273436	Marionette	INFO	Listening on port 45301
1645355273458	RemoteAgent	WARN	TLS certificate errors will be ignored for this session
JavaScript warning: https://mc.yandex.ru/metrika/watch_serp.js, line 12: WEBGL_debug_renderer_info is deprecated in Firefox and will be removed. Please use RENDERER.
JavaScript warning: https://mc.yandex.ru/metrika/watch.js, line 12: WEBGL_debug_renderer_info is deprecated in Firefox and will be removed. Please use RENDERER.
1645355353581	Marionette	INFO	Stopped listening on port 45301
console.warn: TopSitesFeed: Failed to fetch data from Contile server: NetworkError when attempting to fetch resource.

###!!! [Parent][PImageBridgeParent] Error: RunMessage(msgname=PImageBridge::Msg_WillClose) Channel closing: too late to send/recv, messages will be lost

1645356176503	geckodriver	INFO	Listening on 127.0.0.1:34919
1645356176506	mozrunner::runner	INFO	Running command: "/usr/bin/firefox" "--marionette" "--remote-debugging-port" "52263" "-no-remote" "-profile" "/tmp/rust_mozprofilem8NUeC"
1645356176766	Marionette	INFO	Marionette enabled
console.warn: SearchSettings: "get: No settings file exists, new profile?" (new NotFoundError("Could not open the file at /tmp/rust_mozprofilem8NUeC/search.json.mozlz4", (void 0)))
DevTools listening on ws://localhost:52263/devtools/browser/97070c1b-489d-4288-a65b-ef574cfd3b48
1645356177477	Marionette	INFO	Listening on port 34333
1645356177516	RemoteAgent	WARN	TLS certificate errors will be ignored for this session
JavaScript warning: https://mc.yandex.ru/metrika/watch_serp.js, line 12: WEBGL_debug_renderer_info is deprecated in Firefox and will be removed. Please use RENDERER.
mesa: for the --simplifycfg-sink-common option: may only occur zero or one times!
mesa: for the --global-isel-abort option: may only occur zero or one times!
mesa: for the --amdgpu-atomic-optimizations option: may only occur zero or one times!
JavaScript warning: https://mc.yandex.ru/metrika/watch.js, line 12: WEBGL_debug_renderer_info is deprecated in Firefox and will be removed. Please use RENDERER.
1645356634990	Marionette	INFO	Stopped listening on port 34333
console.warn: TopSitesFeed: Failed to fetch data from Contile server: NetworkError when attempting to fetch resource.

###!!! [Parent][PImageBridgeParent] Error: RunMessage(msgname=PImageBridge::Msg_WillClose) Channel closing: too late to send/recv, messages will be lost

